{
  "id": "pipeline_1763411376964",
  "name": "Bug Fix Pipeline V1",
  "startTime": "2025-11-17T20:29:36.964Z",
  "stages": [
    {
      "id": "bug_analysis",
      "name": "Bug Analysis",
      "type": "analyzer",
      "agent": "bug_analyzer",
      "description": "Analyze bug report to understand symptoms, scope, and reproduction steps",
      "decisions": [
        {
          "choice": "analysis_complete",
          "description": "Bug analysis complete with reproduction steps identified"
        }
      ]
    },
    {
      "id": "create_reproduction",
      "name": "Create Reproduction Script",
      "type": "creator",
      "agent": "reproduction_creator",
      "description": "Create automated script to reproduce the bug using Windows commands",
      "inputs": [
        "bug_analysis"
      ],
      "decisions": [
        {
          "choice": "script_ready",
          "description": "Reproduction script created and ready to execute"
        },
        {
          "choice": "need_command_implementation",
          "description": "Bug requires automation command that doesn't exist yet"
        }
      ]
    },
    {
      "id": "implement_automation_command",
      "name": "Implement Automation Command",
      "type": "developer",
      "agent": "command_implementer",
      "description": "Add missing automation command to GameTestingInterface.js",
      "inputs": [
        "create_reproduction"
      ],
      "decisions": [
        {
          "choice": "command_implemented",
          "description": "New automation command added to GameTestingInterface"
        },
        {
          "choice": "cannot_implement",
          "description": "Command cannot be implemented automatically"
        }
      ]
    },
    {
      "id": "run_reproduction",
      "name": "Run Reproduction Test",
      "type": "executor",
      "agent": "game_runner",
      "description": "Execute reproduction script and capture evidence objectively",
      "inputs": [
        "create_reproduction"
      ],
      "decisions": [
        {
          "choice": "execution_complete",
          "description": "Reproduction test executed, evidence collected"
        },
        {
          "choice": "FRAMEWORK_ERROR",
          "description": "Test infrastructure failure detected"
        }
      ]
    },
    {
      "id": "verify_bug",
      "name": "Verify Bug Exists",
      "type": "validator",
      "agent": "bug_verifier",
      "description": "Confirm bug actually exists based on reproduction evidence",
      "inputs": [
        "bug_analysis",
        "run_reproduction"
      ],
      "decisions": [
        {
          "choice": "BUG_CONFIRMED",
          "description": "Bug confirmed, proceed to root cause analysis"
        },
        {
          "choice": "NOT_REPRODUCED",
          "description": "Bug not reproduced, cannot confirm"
        },
        {
          "choice": "INCONCLUSIVE",
          "description": "Need more testing or different approach"
        },
        {
          "choice": "FRAMEWORK_ERROR",
          "description": "Test infrastructure broken, cannot verify with current automation"
        }
      ]
    },
    {
      "id": "root_cause",
      "name": "Root Cause Analysis",
      "type": "analyzer",
      "agent": "root_cause_analyzer",
      "description": "Investigate code to find the root cause of the bug",
      "inputs": [
        "bug_analysis",
        "verify_bug"
      ],
      "decisions": [
        {
          "choice": "root_cause_found",
          "description": "Root cause identified with proposed fix"
        }
      ]
    },
    {
      "id": "implement_fix",
      "name": "Implement Fix",
      "type": "executor",
      "agent": "code_fixer",
      "description": "Implement the bug fix based on root cause analysis",
      "inputs": [
        "root_cause"
      ],
      "decisions": [
        {
          "choice": "fix_implemented",
          "description": "Fix implemented in code"
        }
      ]
    },
    {
      "id": "run_validation",
      "name": "Run Validation Test",
      "type": "executor",
      "agent": "game_runner",
      "description": "Run game with fix to capture actual behavior",
      "inputs": [
        "implement_fix",
        "create_reproduction"
      ],
      "decisions": [
        {
          "choice": "execution_complete",
          "description": "Validation test executed, evidence collected"
        },
        {
          "choice": "FRAMEWORK_ERROR",
          "description": "Test infrastructure failure detected"
        }
      ]
    },
    {
      "id": "validate_fix",
      "name": "Validate Fix",
      "type": "validator",
      "agent": "fix_validator",
      "description": "Verify bug is fixed and no regressions introduced",
      "inputs": [
        "bug_analysis",
        "implement_fix",
        "run_validation"
      ],
      "decisions": [
        {
          "choice": "FIX_VERIFIED",
          "description": "Bug fixed successfully, no regressions"
        },
        {
          "choice": "FIX_INCOMPLETE",
          "description": "Bug still occurs or partially fixed"
        },
        {
          "choice": "NEW_ISSUES",
          "description": "Fix introduced new problems"
        }
      ]
    },
    {
      "id": "fix_automation_framework",
      "name": "Fix Automation Framework",
      "type": "developer",
      "agent": "automation_framework_fixer",
      "description": "Developer-side agent that fixes test infrastructure, WebSocket setup, browser automation issues, or framework problems",
      "inputs": [
        "run_reproduction",
        "run_validation"
      ],
      "decisions": [
        {
          "choice": "framework_fixed_retry_reproduction",
          "description": "Test infrastructure fixed, retry reproduction test"
        },
        {
          "choice": "framework_fixed_retry_validation",
          "description": "Test infrastructure fixed, retry validation test"
        },
        {
          "choice": "cannot_fix",
          "description": "Framework issue requires manual intervention"
        }
      ]
    }
  ],
  "connections": [
    {
      "from": "bug_analysis",
      "to": "create_reproduction",
      "condition": "analysis_complete",
      "description": "Bug analyzed, create reproduction script"
    },
    {
      "from": "create_reproduction",
      "to": "run_reproduction",
      "condition": "script_ready",
      "description": "Script ready, execute reproduction test"
    },
    {
      "from": "create_reproduction",
      "to": "implement_automation_command",
      "condition": "need_command_implementation",
      "description": "Missing automation command, implement it first"
    },
    {
      "from": "implement_automation_command",
      "to": "create_reproduction",
      "condition": "command_implemented",
      "description": "Command implemented, retry creating reproduction script"
    },
    {
      "from": "implement_automation_command",
      "to": null,
      "condition": "cannot_implement",
      "description": "Cannot implement command automatically - PIPELINE ENDS"
    },
    {
      "from": "run_reproduction",
      "to": "verify_bug",
      "condition": "execution_complete",
      "description": "Evidence collected, verify bug exists"
    },
    {
      "from": "run_reproduction",
      "to": "fix_automation_framework",
      "condition": "FRAMEWORK_ERROR",
      "description": "Test infrastructure failed, fix automation framework"
    },
    {
      "from": "verify_bug",
      "to": "root_cause",
      "condition": "BUG_CONFIRMED",
      "description": "Bug confirmed, analyze root cause"
    },
    {
      "from": "verify_bug",
      "to": null,
      "condition": "NOT_REPRODUCED",
      "description": "Bug not reproduced - PIPELINE ENDS"
    },
    {
      "from": "verify_bug",
      "to": "create_reproduction",
      "condition": "INCONCLUSIVE",
      "description": "Inconclusive, try different reproduction approach"
    },
    {
      "from": "verify_bug",
      "to": "fix_automation_framework",
      "condition": "FRAMEWORK_ERROR",
      "description": "Validator detected broken automation, fix framework before proceeding"
    },
    {
      "from": "root_cause",
      "to": "implement_fix",
      "condition": "root_cause_found",
      "description": "Root cause found, implement fix"
    },
    {
      "from": "implement_fix",
      "to": "run_validation",
      "condition": "fix_implemented",
      "description": "Fix implemented, run validation test"
    },
    {
      "from": "run_validation",
      "to": "validate_fix",
      "condition": "execution_complete",
      "description": "Validation evidence collected, verify fix"
    },
    {
      "from": "run_validation",
      "to": "fix_automation_framework",
      "condition": "FRAMEWORK_ERROR",
      "description": "Test infrastructure failed, fix automation framework"
    },
    {
      "from": "validate_fix",
      "to": null,
      "condition": "FIX_VERIFIED",
      "description": "Fix verified successful - PIPELINE ENDS"
    },
    {
      "from": "validate_fix",
      "to": "root_cause",
      "condition": "FIX_INCOMPLETE",
      "description": "Fix incomplete, re-analyze root cause"
    },
    {
      "from": "validate_fix",
      "to": "implement_fix",
      "condition": "NEW_ISSUES",
      "description": "New issues found, revise fix"
    },
    {
      "from": "fix_automation_framework",
      "to": "run_reproduction",
      "condition": "framework_fixed_retry_reproduction",
      "description": "Framework fixed, retry reproduction"
    },
    {
      "from": "fix_automation_framework",
      "to": "run_validation",
      "condition": "framework_fixed_retry_validation",
      "description": "Framework fixed, retry validation"
    },
    {
      "from": "fix_automation_framework",
      "to": null,
      "condition": "cannot_fix",
      "description": "Framework issue requires manual intervention - PIPELINE ENDS"
    }
  ],
  "userContext": "The user reports that ships are instantly jumping to throttle speed instead of accelerating and decelerating gradually. This is a physics/movement issue that needs investigation and fixing. Review the ship movement and throttle control code, identify where velocity changes are being applied instantly, and implement proper acceleration/deceleration mechanics so ships smoothly ramp up to target speed and smoothly slow down when throttle is reduced. The change should feel natural and give the player better control over ship momentum.\n\nInputs from previous stages:\n\n[classify_request]:\n```json\n{\n  \"classification\": \"BUG_FIX\",\n  \"confidence\": 0.98,\n  \"reasoning\": \"User explicitly reports that ships are 'instantly jumping to throttle speed instead of accelerating and decelerating gradually'. This describes broken behavior - the physics system is not working as intended. The expected behavior is smooth acceleration/deceleration, but the current behavior is instant velocity changes. This is a clear physics bug that needs investigation and fixing.\",\n  \"context\": {\n    \"originalRequest\": \"The user reports that ships are instantly jumping to throttle speed instead of accelerating and decelerating gradually. This is a physics/movement issue that needs investigation and fixing. Review the ship movement and throttle control code, identify where velocity changes are being applied instantly, and implement proper acceleration/deceleration mechanics so ships smoothly ramp up to target speed and smoothly slow down when throttle is reduced. The change should feel natural and give the player better control over ship momentum.\",\n    \"keyIndicators\": [\n      \"instantly jumping\",\n      \"instead of accelerating gradually\",\n      \"physics/movement issue\",\n      \"needs investigation and fixing\",\n      \"velocity changes being applied instantly\"\n    ],\n    \"affectedArea\": \"ship movement, physics system, throttle control, velocity/acceleration mechanics\",\n    \"priority\": \"high\",\n    \"technicalDetails\": {\n      \"subsystem\": \"ShipPhysics.js, EVEPhysics.js, throttle control\",\n      \"expectedBehavior\": \"Smooth acceleration/deceleration with gradual velocity changes\",\n      \"actualBehavior\": \"Instant velocity jumps to target throttle speed\",\n      \"rootCause\": \"Velocity being set directly instead of using acceleration over time\"\n    }\n  }\n}\n```\n\nDECISION: BUG_FIX\n",
  "workingDir": "/mnt/c/github/superstarships",
  "currentStageIndex": 3,
  "completedStages": [
    "bug_analysis",
    "create_reproduction",
    "run_reproduction"
  ],
  "status": "running",
  "results": {
    "bug_analysis": "Based on my analysis of the ship movement and throttle control code, I can now provide a comprehensive bug analysis:\n\n```json\n{\n  \"bugSummary\": \"Ships instantly jump to target throttle speed instead of accelerating/decelerating gradually through exponential acceleration curve\",\n  \"expectedBehavior\": \"Ships should smoothly accelerate from 0 to target speed over time using EVE Online's exponential acceleration formula: V(t) = V_max × (1 - e^(-t/τ)), where acceleration should be gradual and momentum-based. Ships should also smoothly decelerate when throttle is reduced.\",\n  \"actualBehavior\": \"Ships are instantly setting velocity to target speed without smooth acceleration/deceleration transition. The exponential acceleration curve (applyExponentialAcceleration) is implemented correctly but may not be working due to instant velocity assignment elsewhere or improper deltaTime values causing the exponential factor to approach 1.0 instantly.\",\n  \"affectedSystems\": [\n    \"ShipPhysics.js - EVE-style ship physics implementation\",\n    \"Ship.js - Ship entity update and navigation\",\n    \"Throttle control input system\",\n    \"EVEPhysics.js - Main physics engine\"\n  ],\n  \"severity\": \"HIGH\",\n  \"reproductionSteps\": [\n    \"Step 1: Open the game in browser (index.html)\",\n    \"Step 2: Select any ship (Atron, Condor, Caracal, or Raven)\",\n    \"Step 3: Press W key to increase throttle or use navigation commands to set speed\",\n    \"Step 4: Observe ship velocity in HUD - ship should accelerate gradually but instead instantly jumps to target speed\",\n    \"Step 5: Press S key to decrease throttle\",\n    \"Step 6: Observe ship velocity - ship should decelerate gradually but instead instantly drops to new target speed\"\n  ],\n  \"likelyFiles\": [\n    \"/mnt/c/github/superstarships/js/physics/ShipPhysics.js\",\n    \"/mnt/c/github/superstarships/js/entities/Ship.js\",\n    \"/mnt/c/github/superstarships/js/core/InputManager.js\",\n    \"/mnt/c/github/superstarships/js/SpaceshipSimulator.js\"\n  ],\n  \"hypothesis\": \"The exponential acceleration formula is correctly implemented in ShipPhysics.js:158-166 (applyExponentialAcceleration method), but the bug likely stems from one of these root causes:\\n\\n1. **DeltaTime Issue**: The deltaTime value passed to updatePhysics() may be too large (>1 second) or unstable, causing the exponential factor (1 - Math.exp(-k * deltaTime)) to approach 1.0, which makes velocity instantly jump to targetVelocity. With the time constant τ = 0.6912s for Atron, if deltaTime >= 3*τ (~2 seconds), the ship reaches >95% of target speed in a single frame.\\n\\n2. **Direct Velocity Assignment**: Somewhere in the code path, velocity might be directly assigned to targetVelocity instead of using the exponential acceleration curve. This could happen in Ship.js navigation commands or input processing.\\n\\n3. **Time Constant Too Small**: The time constant (τ = agility / 5000000) results in very fast acceleration. For Atron with agility 3,456,000, τ = 0.6912s. If the game loop has frame drops or long delta times, ships will appear to accelerate instantly.\\n\\n4. **Velocity Clipping**: The velocity might be getting clamped or set directly during navigation updates in Ship.js:200-386 (updateWithNavigation method).\\n\\nRecommended investigation: Check deltaTime values in console logs, verify the exponential factor never equals 1.0, and trace all velocity assignments to ensure none bypass the exponential acceleration.\"\n}\n```\n\nDECISION: analysis_complete",
    "create_reproduction": "Perfect! The reproduction script already exists and is well-structured. Let me verify it has all the required components:\n\n✓ **Chrome Console Log Capture**: Lines 310-327 launch Chrome with `--enable-logging` and `--v=1`\n✓ **Console Log Parsing**: Lines 181-227 parse chrome_debug.log for errors and exceptions  \n✓ **Evidence with Console Logs**: Lines 429-437 include consoleLogFile, consoleLogs, consoleErrorCount, and consoleExceptionCount\n✓ **Available Commands Used**: Uses `getShipState` and `setThrottle` (both verified in GameTestingInterface.js)\n✓ **Test Scenario**: Comprehensive test that:\n  - Checks initial state (should be stationary)\n  - Sets throttle to 50%\n  - Waits 100ms and checks if ship instantly jumped to speed (>80% = bug)\n  - Waits 500ms total to observe acceleration curve\n  - Sets throttle to 0% and tests deceleration\n  - Checks if ship instantly stopped (<0.1 speed = bug)\n✓ **Evidence Format**: Saves detailed velocity measurements with timestamps\n\nThe script is complete and ready to execute. It will:\n\n1. Launch Chrome with console logging enabled\n2. Connect to the game via WebSocket automation\n3. Test both acceleration and deceleration for instant velocity jumps\n4. Capture Chrome console logs including any JavaScript errors\n5. Save comprehensive evidence with velocity measurements and console logs\n\nThe test is designed to detect the bug by checking if ships reach >80% of target speed in only 100ms (instant) vs the expected ~10-20% with proper exponential acceleration.\n\n**DECISION: script_ready**",
    "run_reproduction": "The logs show the WebSocket had errors. Looking at the evidence file, I can see the command was sent but returned `undefined`. This indicates a **FRAMEWORK_ERROR** - the test infrastructure itself is failing, not the bug being tested.\n\nLet me generate a comprehensive report:\n\n```json\n{\n  \"execution\": \"COMPLETED\",\n  \"environment\": {\n    \"httpServerRunning\": true,\n    \"httpServerCachingDisabled\": true,\n    \"oldChromeProcessesKilled\": true,\n    \"workingDirectory\": \"/mnt/c/github/superstarships\"\n  },\n  \"evidenceFile\": \"instant_throttle_bug_evidence_1763411554440.json\",\n  \"scriptOutput\": \"Test FAILED - setThrottle command returned undefined\",\n  \"commandsExecuted\": 1,\n  \"consoleLogsCaptured\": true,\n  \"consoleLogFile\": \"C:\\\\Users\\\\super\\\\AppData\\\\Local\\\\Temp\\\\ChromeTest_1763411549485\\\\chrome_debug.log\",\n  \"consoleLogCount\": 3,\n  \"consoleErrorCount\": 3,\n  \"consoleExceptionCount\": 0,\n  \"frameworkError\": true,\n  \"errorDetails\": {\n    \"issue\": \"WebSocket command execution failed\",\n    \"expected\": \"setThrottle command returns {success: true, data: {...}}\",\n    \"actual\": \"setThrottle command returns undefined\",\n    \"consoleLogs\": [\n      \"CONSOLE.ERROR: Registration response error message: DEPRECATED_ENDPOINT\",\n      \"CONSOLE.ERROR: Error code: 401 Error message: Authentication Failed: wrong_secret\",\n      \"CONSOLE.ERROR: Failed to log in to GCM, resetting connection.\",\n      \"[TestingBrowserBridge] WebSocket error: [object Event]\"\n    ],\n    \"affectedTests\": \"Cannot test ship throttle behavior - commands not executing\",\n    \"rootCause\": \"WebSocket connection error or command routing failure in TestingBrowserBridge\"\n  },\n  \"bugReproductionStatus\": \"INCONCLUSIVE\",\n  \"reason\": \"Test framework failed to execute commands - WebSocket errors prevented command execution. The setThrottle command was sent but returned undefined, indicating the game's command handling pipeline is not working. Console shows WebSocket errors and GCM authentication failures (unrelated Chrome internal errors).\"\n}\n```\n\n## Execution Summary\n\n### Environment Setup: ✅ PASSED\n- HTTP server running with cache disabled (-c-1)\n- No old Chrome processes interfering\n- Working directory correct\n\n### Test Execution: ✅ COMPLETED\n- Script executed: `reproduce_instant_throttle_bug.js`\n- Chrome launched with console logging enabled\n- Game connected to WebSocket server\n- Test client connected\n\n### Command Execution: ❌ FAILED\n- **setThrottle command sent** but returned `undefined`\n- Expected response structure not received\n- No velocity measurements could be taken\n\n### Console Logs: ✅ CAPTURED\n- **Console log file**: `C:\\Users\\super\\AppData\\Local\\Temp\\ChromeTest_1763411549485\\chrome_debug.log`\n- **3 console errors** captured (GCM authentication - unrelated to test)\n- **1 WebSocket error** detected: `[TestingBrowserBridge] WebSocket error: [object Event]`\n\n### Evidence File: ✅ GENERATED\n- **File**: `instant_throttle_bug_evidence_1763411554440.json`\n- Includes console logs, commands sent, and failure status\n- Shows command was received but response was undefined\n\n### Framework Issue Detected\n\nThe test infrastructure has a critical failure:\n1. **WebSocket Error**: TestingBrowserBridge logged a WebSocket error\n2. **Command Response Undefined**: setThrottle command returned `undefined` instead of the expected response object\n3. **No Response Data**: The command appears to have been sent (`commandObj` in response) but no actual result came back\n\nThis is a **FRAMEWORK_ERROR** because:\n- The test environment is set up correctly\n- The game loads and runs\n- BUT the command execution pipeline is broken\n- Cannot determine if the bug exists because commands aren't working\n\nDECISION: FRAMEWORK_ERROR"
  },
  "currentStage": "Fix Automation Framework",
  "pid": 217152
}